<?xml version="1.0" encoding="UTF-8"?>
<!-- Generated by org.testng.reporters.JUnitReportReporter -->
<testsuite hostname="PAVILION" failures="0" tests="3" name="Test.ZerodhaLoginPageTest" time="237.335" errors="0" timestamp="2022-06-18T12:54:53 IST" skipped="0">
  <testcase classname="Test.ZerodhaLoginPageTest" name="signupLinkTest" time="87.035"/>
  <system-out/>
  <testcase classname="Test.ZerodhaLoginPageTest" name="loginWithValidCredentialsTest" time="72.399"/>
  <system-out/>
  <testcase classname="Test.ZerodhaLoginPageTest" name="forgotPasswordLinkTest" time="77.901"/>
  <system-out/>
</testsuite> <!-- Test.ZerodhaLoginPageTest -->
