<?xml version="1.0" encoding="UTF-8"?>
<!-- Generated by org.testng.reporters.JUnitReportReporter -->
<testsuite hostname="PAVILION" failures="0" tests="1" name="Test.ZerodhaHomePageTest" time="157.931" errors="0" timestamp="2022-06-16T15:43:20 IST" skipped="0">
  <testcase classname="Test.ZerodhaHomePageTest" name="loginToZerodhaWithPin" time="157.931"/>
  <system-out/>
</testsuite> <!-- Test.ZerodhaHomePageTest -->
